<?xml version="1.0" encoding="UTF-8"?>
<testsuite xmlns:xsi="http://www.w3.org/2001/XMLSchema-instance" xsi:noNamespaceSchemaLocation="https://maven.apache.org/surefire/maven-surefire-plugin/xsd/surefire-test-report.xsd" name="org.example.RepetitiveDateTest" time="0.004" tests="5" errors="0" skipped="0" failures="0">
  <properties>
[...]
</properties>
  <testcase name="everyDayTest" classname="org.example.RepetitiveDateTest" time="0"/>
  <testcase name="everyYearTest" classname="org.example.RepetitiveDateTest" time="0"/>
  <testcase name="everyMonthTest" classname="org.example.RepetitiveDateTest" time="0"/>
  <testcase name="everyMondayTest" classname="org.example.RepetitiveDateTest" time="0"/>
  <testcase name="everyMondayAndFridayTest" classname="org.example.RepetitiveDateTest" time="0"/>
</testsuite>